http://www.perfect-english-grammar.com/prepositions.html
http://www.perfect-english-grammar.com/frequently-asked-questions.html
http://www.perfect-english-grammar.com/newsletter.html
http://www.perfect-english-grammar.com/contact.html
http://www.perfect-english-grammar.com/
http://www.perfect-english-grammar.com/modal-verbs.html
http://www.perfect-english-grammar.com/participle-clauses.html
http://www.perfect-english-grammar.com/passive.html
http://www.perfect-english-grammar.com/adjectives.html
http://www.perfect-english-grammar.com/questions.html
http://www.perfect-english-grammar.com/relative-clauses.html
http://www.perfect-english-grammar.com/how-to-use-a-and-the.html
http://www.perfect-english-grammar.com/english-verb-patterns.html
http://www.perfect-english-grammar.com/irregular-verbs.html
http://www.perfect-english-grammar.com/english-language-pdf.html
http://www.perfect-english-grammar.com/infographics.html
http://www.perfect-english-grammar.com/the-basics.html
http://www.perfect-english-grammar.com/english-grammar-blog.html
http://www.perfect-english-grammar.com/cdn-cgi/l/email-protection
http://www.perfect-english-grammar.com/index.html
http://www.perfect-english-grammar.com/seonaid.html
http://www.perfect-english-grammar.com/participle-clauses-exercise-2.html
http://www.perfect-english-grammar.com/superlatives.html
http://www.perfect-english-grammar.com/participle-clauses-exercise-1.html
http://www.perfect-english-grammar.com/gerunds-and-infinitives.html
http://www.perfect-english-grammar.com/passive-subordinate-clauses-exercise-1.html
http://www.perfect-english-grammar.com/indirect-questions.html
http://www.perfect-english-grammar.com/comparatives.html
http://www.perfect-english-grammar.com/irregular-verbs-exercise-2.html
http://www.perfect-english-grammar.com/some-and-any.html
http://www.perfect-english-grammar.com/verbs.html
http://www.perfect-english-grammar.com/irregular-verbs-exercise-3.html
http://www.perfect-english-grammar.com/irregular-verbs-exercise-4.html
http://www.perfect-english-grammar.com/irregular-verbs-exercise-1.html
http://www.perfect-english-grammar.com/ergative-unaccusative-verbs-exercise-1.html
http://www.perfect-english-grammar.com/past-perfect-continuous-past-simple-exercise-1.html
http://www.perfect-english-grammar.com/inversion-exercise-1.html
http://www.perfect-english-grammar.com/ergative-unaccusative-verbs.html
http://www.perfect-english-grammar.com/subjects-and-objects.html
http://www.perfect-english-grammar.com/inversion.html
http://www.perfect-english-grammar.com/nouns-countable-and-uncountable-exercise-1.html
http://www.perfect-english-grammar.com/indirect-questions-exercise-3.html
http://www.perfect-english-grammar.com/indirect-questions-exercise-1.html
http://www.perfect-english-grammar.com/gerunds-and-infinitives-exercises.html
http://www.perfect-english-grammar.com/gerunds-and-infinitives-verbs-4.html
http://www.perfect-english-grammar.com/superlatives-exercise-1.html
http://www.perfect-english-grammar.com/indirect-questions-exercise-2.html
http://www.perfect-english-grammar.com/nouns-common-and-proper-exercise-1.html
http://www.perfect-english-grammar.com/some-and-any-exercise-1.html
http://www.perfect-english-grammar.com/some-and-any-exercise-2.html
http://www.perfect-english-grammar.com/english-grammar.xml
http://www.perfect-english-grammar.com/noun-identification-exercise-1.html
http://www.perfect-english-grammar.com/subject-questions-exercise-1.html
http://www.perfect-english-grammar.com/causatives-exercise-2.html
http://www.perfect-english-grammar.com/causatives-exercise-1.html
http://www.perfect-english-grammar.com/comparative-adjectives-exercise-1.html
http://www.perfect-english-grammar.com/causatives-have-get.html
http://www.perfect-english-grammar.com/past-perfect-continuous-use.html
http://www.perfect-english-grammar.com/gerunds-and-infinitives-exercise-4.html
http://www.perfect-english-grammar.com/past-simple-use.html
http://www.perfect-english-grammar.com/could-have-should-have-would-have-exercise-1.html
http://www.perfect-english-grammar.com/gerunds-and-infinitives-exercise-2.html
http://www.perfect-english-grammar.com/superlatives-exercise-2.html
http://www.perfect-english-grammar.com/gerunds-and-infinitives-exercise-1.html
http://www.perfect-english-grammar.com/gerunds-and-infinitives-exercise-3.html
http://www.perfect-english-grammar.com/reporting-verbs.html
http://www.perfect-english-grammar.com/subjects-and-objects-exercise-1.html
http://www.perfect-english-grammar.com/cookies.html
http://www.perfect-english-grammar.com/linking-words-reason.html
http://www.perfect-english-grammar.com/reporting-verbs-exercise-1.html
http://www.perfect-english-grammar.com/pronouns.html
http://www.perfect-english-grammar.com/verb-patterns-exercises.html
http://www.perfect-english-grammar.com/nouns.html
http://www.perfect-english-grammar.com/present-perfect-continuous-use.html
http://www.perfect-english-grammar.com/past-simple-present-perfect-3.html
http://www.perfect-english-grammar.com/wish.html
http://www.perfect-english-grammar.com/past-simple-present-perfect-2.html
http://www.perfect-english-grammar.com/say-and-tell.html
http://www.perfect-english-grammar.com/past-continuous-use.html
http://www.perfect-english-grammar.com/past-simple-past-continuous-exercise-2.html
http://www.perfect-english-grammar.com/present-perfect-use.html
http://www.perfect-english-grammar.com/present-perfect-or-past-simple.html
http://www.perfect-english-grammar.com/past-simple-present-perfect-1.html
http://www.perfect-english-grammar.com/past-perfect-use.html
http://www.perfect-english-grammar.com/past-simple-past-continuous-exercise-1.html
http://www.perfect-english-grammar.com/make-or-do.html
http://www.perfect-english-grammar.com/let-and-make.html
http://www.perfect-english-grammar.com/used-to.html
http://www.perfect-english-grammar.com/present-perfect-exercises.html
http://www.perfect-english-grammar.com/gerunds-and-infinitives-verbs-3.html
http://www.perfect-english-grammar.com/say-or-tell-exercise-1.html
http://www.perfect-english-grammar.com/used-to-exercise-3.html
http://www.perfect-english-grammar.com/second-conditional.html
http://www.perfect-english-grammar.com/third-conditional.html
http://www.perfect-english-grammar.com/used-to-exercise-2.html
http://www.perfect-english-grammar.com/used-to-exercise-1.html
http://www.perfect-english-grammar.com/wish-exercise-1.html
http://www.perfect-english-grammar.com/present-perfect-present-perfect-continuous-2.html
http://www.perfect-english-grammar.com/present-perfect-present-perfect-continuous-3.html
http://www.perfect-english-grammar.com/present-perfect-present-perfect-continuous-1.html
http://www.perfect-english-grammar.com/past-perfect-exercise-3.html
http://www.perfect-english-grammar.com/make-or-do-exercise-4.html
http://www.perfect-english-grammar.com/past-simple-present-perfect-4.html
http://www.perfect-english-grammar.com/present-continuous-use.html
http://www.perfect-english-grammar.com/make-or-do-exercise-3.html
http://www.perfect-english-grammar.com/reported-speech-exercises.html
http://www.perfect-english-grammar.com/present-perfect-exercise-5.html
http://www.perfect-english-grammar.com/present-perfect-exercise-2.html
http://www.perfect-english-grammar.com/present-perfect-exercise-4.html
http://www.perfect-english-grammar.com/present-perfect-continuous-exercise-1.html
http://www.perfect-english-grammar.com/third-conditional-exercise-1.html
http://www.perfect-english-grammar.com/present-perfect-exercise-1.html
http://www.perfect-english-grammar.com/second-conditional-exercise-1.html
http://www.perfect-english-grammar.com/make-or-do-exercise-2.html
http://www.perfect-english-grammar.com/make-or-do-exercise-1.html
http://www.perfect-english-grammar.com/conditional-exercises.html
http://www.perfect-english-grammar.com/gerunds-and-infinitives-verbs-2.html
http://www.perfect-english-grammar.com/bed-home-work-town.html
http://www.perfect-english-grammar.com/present-simple-or-present-continuous.html
http://www.perfect-english-grammar.com/reported-speech-exercise-5.html
http://www.perfect-english-grammar.com/transitive-intransitive-verbs.html
http://www.perfect-english-grammar.com/gerunds-and-infinitives-verbs-1.html
http://www.perfect-english-grammar.com/let-or-make-exercise-1.html
http://www.perfect-english-grammar.com/reported-speech-exercise-3.html
http://www.perfect-english-grammar.com/reported-speech-exercise-7.html
http://www.perfect-english-grammar.com/reported-speech-exercise-6.html
http://www.perfect-english-grammar.com/reported-speech-exercise-1.html
http://www.perfect-english-grammar.com/reported-speech-exercise-8.html
http://www.perfect-english-grammar.com/reported-speech-exercise-11.html
http://www.perfect-english-grammar.com/reported-speech-exercise-4.html
http://www.perfect-english-grammar.com/reported-speech-exercise-2.html
http://www.perfect-english-grammar.com/zero-conditional.html
http://www.perfect-english-grammar.com/first-conditional.html
http://www.perfect-english-grammar.com/present-simple-present-continuous-2.html
http://www.perfect-english-grammar.com/present-simple-present-continuous-3.html
http://www.perfect-english-grammar.com/present-simple-present-continuous-1.html
http://www.perfect-english-grammar.com/first-conditional-exercise-1.html
http://www.perfect-english-grammar.com/grammar-books.html
http://www.perfect-english-grammar.com/simple-present-exercises.html
http://www.perfect-english-grammar.com/present-simple-use.html
http://www.perfect-english-grammar.com/bed-home-work-town-exercise-1.html
http://www.perfect-english-grammar.com/reported-speech-exercise-9.html
http://www.perfect-english-grammar.com/relative-clauses-exercise-4.html
http://www.perfect-english-grammar.com/relative-clauses-exercise-3.html
http://www.perfect-english-grammar.com/a-little-a-few.html
http://www.perfect-english-grammar.com/reported-speech-exercise-12.html
http://www.perfect-english-grammar.com/relative-clauses-exercise-2.html
http://www.perfect-english-grammar.com/relative-clause-exercises.html
http://www.perfect-english-grammar.com/tag-questions.html
http://www.perfect-english-grammar.com/relative-clauses-exercise-1.html
http://www.perfect-english-grammar.com/subject-questions.html
http://www.perfect-english-grammar.com/past-perfect-exercise-2.html
http://www.perfect-english-grammar.com/past-continuous-exercise-2.html
http://www.perfect-english-grammar.com/past-simple-exercise-6.html
http://www.perfect-english-grammar.com/present-simple-spelling-exercise.html
http://www.perfect-english-grammar.com/reported-speech-exercise-10.html
http://www.perfect-english-grammar.com/past-simple-exercise-5.html
http://www.perfect-english-grammar.com/stative-verbs-exercise.html
http://www.perfect-english-grammar.com/present-simple-exercise-16.html
http://www.perfect-english-grammar.com/present-simple-exercise-4.html
http://www.perfect-english-grammar.com/present-simple-exercise-9.html
http://www.perfect-english-grammar.com/a-little-a-few-exercise-1.html
http://www.perfect-english-grammar.com/present-simple-exercise-8.html
http://www.perfect-english-grammar.com/present-simple-future-simple-exercise-1.html
http://www.perfect-english-grammar.com/present-simple-exercise-3.html
http://www.perfect-english-grammar.com/present-simple-exercise-7.html
http://www.perfect-english-grammar.com/present-simple-exercise-2.html
http://www.perfect-english-grammar.com/adverbs-of-frequency.html
http://www.perfect-english-grammar.com/question-tags-exercise-1.html
http://www.perfect-english-grammar.com/present-simple-exercise-1.html
http://www.perfect-english-grammar.com/past-continuous-exercise-3.html
http://www.perfect-english-grammar.com/present-simple-spelling.html
http://www.perfect-english-grammar.com/past-continuous-exercise-1.html
http://www.perfect-english-grammar.com/past-continuous-exercise-4.html
http://www.perfect-english-grammar.com/present-simple-exercise-14.html
http://www.perfect-english-grammar.com/present-simple-exercise-15.html
http://www.perfect-english-grammar.com/past-simple-exercise-2.html
http://www.perfect-english-grammar.com/present-simple-exercise-11.html
http://www.perfect-english-grammar.com/present-simple-exercise-10.html
http://www.perfect-english-grammar.com/present-perfect-continuous-exercise-2.html
http://www.perfect-english-grammar.com/present-perfect-exercise-3.html
http://www.perfect-english-grammar.com/present-continuous-exercise-4.html
http://www.perfect-english-grammar.com/simple-future-use.html
http://www.perfect-english-grammar.com/present-continuous-exercise-3.html
http://www.perfect-english-grammar.com/present-simple-exercise-13.html
http://www.perfect-english-grammar.com/present-simple-exercise-12.html
http://www.perfect-english-grammar.com/present-simple-exercise-6.html
http://www.perfect-english-grammar.com/present-simple-exercise-5.html
http://www.perfect-english-grammar.com/future-continuous.html
http://www.perfect-english-grammar.com/past-perfect-continuous.html
http://www.perfect-english-grammar.com/adjectives-comparative-and-superlative.html
http://www.perfect-english-grammar.com/future-perfect-continuous.html
http://www.perfect-english-grammar.com/passive-verbs-two-objects-exercise-1.html
http://www.perfect-english-grammar.com/simple-future.html
http://www.perfect-english-grammar.com/future-perfect.html
http://www.perfect-english-grammar.com/past-perfect.html
http://www.perfect-english-grammar.com/past-continuous.html
http://www.perfect-english-grammar.com/will-or-be-going-to.html
http://www.perfect-english-grammar.com/present-perfect-continuous.html
http://www.perfect-english-grammar.com/past-simple.html
http://www.perfect-english-grammar.com/present-perfect.html
http://www.perfect-english-grammar.com/learn-english-video.html
http://www.perfect-english-grammar.com/present-continuous.html
http://www.perfect-english-grammar.com/future-continuous-exercise-3.html
http://www.perfect-english-grammar.com/present-simple.html
http://www.perfect-english-grammar.com/could-have-should-have-would-have.html
http://www.perfect-english-grammar.com/passive-exercises.html
http://www.perfect-english-grammar.com/participle-adjectives.html
http://www.perfect-english-grammar.com/future-continuous-exercise-2.html
http://www.perfect-english-grammar.com/future-perfect-continuous-use.html
http://www.perfect-english-grammar.com/simple-future-exercise-1.html
http://www.perfect-english-grammar.com/simple-future-exercise-2.html
http://www.perfect-english-grammar.com/past-perfect-continuous-exercise-3.html
http://www.perfect-english-grammar.com/simple-future-exercise-3.html
http://www.perfect-english-grammar.com/past-perfect-continuous-exercise-1.html
http://www.perfect-english-grammar.com/past-perfect-continuous-exercise-2.html
http://www.perfect-english-grammar.com/past-simple-exercise-10.html
http://www.perfect-english-grammar.com/past-simple-exercise-7.html
http://www.perfect-english-grammar.com/past-simple-exercise-4.html
http://www.perfect-english-grammar.com/past-simple-exercise-1.html
http://www.perfect-english-grammar.com/past-simple-exercise-8.html
http://www.perfect-english-grammar.com/past-simple-exercise-9.html
http://www.perfect-english-grammar.com/past-perfect-exercise-1.html
http://www.perfect-english-grammar.com/past-simple-exercise-3.html
http://www.perfect-english-grammar.com/passive-exercise-5.html
http://www.perfect-english-grammar.com/participle-adjectives-exercise-1.html
http://www.perfect-english-grammar.com/participle-adjectives-exercise-2.html
http://www.perfect-english-grammar.com/passive-exercise-2.html
http://www.perfect-english-grammar.com/passive-exercise-1.html
http://www.perfect-english-grammar.com/passive-exercise-3.html
http://www.perfect-english-grammar.com/passive-exercise-4.html
http://www.perfect-english-grammar.com/present-continuous-exercise-7.html
http://www.perfect-english-grammar.com/present-continuous-exercise-5.html
http://www.perfect-english-grammar.com/present-continuous-exercise-2.html
http://www.perfect-english-grammar.com/present-continuous-exercise-6.html
http://www.perfect-english-grammar.com/present-continuous-exercise-1.html
http://www.perfect-english-grammar.com/how-to-pronounce-ed.html
http://www.perfect-english-grammar.com/future-perfect-exercise-4.html
http://www.perfect-english-grammar.com/future-perfect-exercise-3.html
http://www.perfect-english-grammar.com/future-perfect-exercise-1.html
http://www.perfect-english-grammar.com/future-perfect-exercise-2.html
http://www.perfect-english-grammar.com/future-perfect-tense-use.html
http://www.perfect-english-grammar.com/future-progressive-tense-use.html
http://www.perfect-english-grammar.com/modal-verbs-of-obligation.html
http://www.perfect-english-grammar.com/modal-verbs-of-ability.html
http://www.perfect-english-grammar.com/future-continuous-exercise-1.html
http://www.perfect-english-grammar.com/preposition-exercises.html
http://www.perfect-english-grammar.com/would.html
http://www.perfect-english-grammar.com/modal-verbs-exercises.html
http://www.perfect-english-grammar.com/verbs-and-prepositions.html
http://www.perfect-english-grammar.com/modal-verbs-of-probability.html
http://www.perfect-english-grammar.com/adjectives-and-prepositions.html
http://www.perfect-english-grammar.com/prepositions-of-place.html
http://www.perfect-english-grammar.com/learning-english.html
http://www.perfect-english-grammar.com/prepositions-of-time.html
http://www.perfect-english-grammar.com/a-and-the-explained.html
http://www.perfect-english-grammar.com/stative-verbs.html
http://www.perfect-english-grammar.com/grammar-exercises.html
http://www.perfect-english-grammar.com/conditionals.html
http://www.perfect-english-grammar.com/modal-verbs-of-obligation-exercise-1.html
http://www.perfect-english-grammar.com/verb-tenses.html
http://www.perfect-english-grammar.com/adjectives-and-prepositions-exercise-1.html
http://www.perfect-english-grammar.com/verbs-and-prepositions-exercise-1.html
http://www.perfect-english-grammar.com/verbs-and-prepositions-exercise-2.html
http://www.perfect-english-grammar.com/modal-verbs-of-ability-exercise-1.html
http://www.perfect-english-grammar.com/modal-verbs-of-probability-exercise-1.html
http://www.perfect-english-grammar.com/modal-verbs-of-probability-exercise-2.html
http://www.perfect-english-grammar.com/reported-speech.html
http://www.perfect-english-grammar.com/prepositions-of-place-exercise-2.html
http://www.perfect-english-grammar.com/prepositions-of-place-exercise-1.html
http://www.perfect-english-grammar.com/time-prepositions-exercise-1.html
http://www.perfect-english-grammar.com/time-prepositions-exercise-2.html
http://www.perfect-english-grammar.com/english-writing.html
http://www.perfect-english-grammar.com/english-speaking.html
http://www.perfect-english-grammar.com/english-vocabulary-and-collocations.html
http://www.perfect-english-grammar.com/present-perfect-simple-or-present-perfect-continuous.html
http://www.perfect-english-grammar.com/english-reading.html
http://www.perfect-english-grammar.com/english-listening.html
